<?xml version="1.0" encoding="UTF-8"?>
<!-- Generated by org.testng.reporters.JUnitReportReporter -->
<testsuite hostname="Aswins-MacBook-Air.local" failures="0" tests="10" name="api.tests.RestBooker_tests" time="5.229" errors="0" timestamp="2023-12-17T00:37:21 EST" skipped="0">
  <testcase classname="api.tests.RestBooker_tests" name="test_getBookingId_filterByName" time="0.217"/>
  <testcase classname="api.tests.RestBooker_tests" name="test_getBookin" time="2.633"/>
  <testcase classname="api.tests.RestBooker_tests" name="test_getBookingId_filterByDate" time="0.240"/>
  <testcase classname="api.tests.RestBooker_tests" name="test_basicAuth" time="0.461"/>
  <testcase classname="api.tests.RestBooker_tests" name="test_create_booking" time="0.335"/>
  <testcase classname="api.tests.RestBooker_tests" name="test_getAllBookings" time="0.393"/>
  <testcase classname="api.tests.RestBooker_tests" name="test_updateBooking" time="0.264"/>
  <testcase classname="api.tests.RestBooker_tests" name="test_partialUpdate_booking" time="0.236"/>
  <testcase classname="api.tests.RestBooker_tests" name="test_delete_booking" time="0.208"/>
  <testcase classname="api.tests.RestBooker_tests" name="test_create_url" time="0.242"/>
</testsuite> <!-- api.tests.RestBooker_tests -->
