<?xml version="1.0" encoding="UTF-8"?>
<!-- Generated by org.testng.reporters.JUnitReportReporter -->
<testsuite hostname="Aswins-MacBook-Air.local" failures="0" tests="2" name="api.tests.RestBooker_tests" time="2.763" errors="0" timestamp="2023-12-05T00:09:22 EST" skipped="0">
  <testcase classname="api.tests.RestBooker_tests" name="test_updateBooking" time="0.277"/>
  <testcase classname="api.tests.RestBooker_tests" name="test_basicAuth" time="2.486"/>
</testsuite> <!-- api.tests.RestBooker_tests -->
