<?xml version="1.0" encoding="UTF-8"?>
<!-- Generated by org.testng.reporters.JUnitReportReporter -->
<testsuite hostname="Aswins-MacBook-Air.local" failures="0" tests="2" name="api.tests.UserTests" time="2.406" errors="0" timestamp="2023-11-29T11:56:06 EST" skipped="0">
  <testcase classname="api.tests.UserTests" name="test_UpdateUser" time="2.186"/>
  <testcase classname="api.tests.UserTests" name="test_PostUser" time="0.220"/>
</testsuite> <!-- api.tests.UserTests -->
